TN:
SF:app/gilded-rose.ts
FN:1,Object.<anonymous>
FN:9,Item
FN:22,GildedRose
FN:25,Object.<anonymous>.GildedRose.updateQuality
FNF:4
FNH:4
FNDA:1,Object.<anonymous>
FNDA:1,Item
FNDA:1,GildedRose
FNDA:1,Object.<anonymous>.GildedRose.updateQuality
DA:1,1
DA:2,1
DA:3,1
DA:4,1
DA:5,1
DA:6,1
DA:7,1
DA:8,1
DA:9,1
DA:10,1
DA:11,1
DA:12,1
DA:13,1
DA:14,1
DA:15,1
DA:16,1
DA:17,1
DA:18,1
DA:19,1
DA:20,1
DA:21,1
DA:22,1
DA:23,1
DA:24,1
DA:25,1
DA:26,1
DA:27,1
DA:28,1
DA:29,0
DA:30,0
DA:31,0
DA:32,1
DA:33,1
DA:34,1
DA:35,0
DA:36,1
DA:37,0
DA:38,0
DA:39,0
DA:40,0
DA:41,0
DA:42,0
DA:43,0
DA:44,0
DA:45,0
DA:46,0
DA:47,0
DA:48,0
DA:49,0
DA:50,0
DA:51,0
DA:52,0
DA:53,0
DA:54,0
DA:55,0
DA:56,0
DA:57,0
DA:58,0
DA:59,0
DA:60,0
DA:61,0
DA:62,0
DA:63,0
DA:64,0
DA:65,0
DA:66,0
DA:67,0
DA:68,0
DA:69,0
DA:70,0
DA:71,0
DA:72,0
DA:73,0
DA:74,0
DA:75,1
DA:76,1
DA:77,0
DA:78,0
DA:79,0
DA:80,0
DA:81,0
DA:82,0
DA:83,0
DA:84,0
DA:85,0
DA:86,0
DA:87,0
DA:88,0
DA:89,0
DA:90,0
DA:91,0
LF:91
LH:34
BRDA:1,0,0,1
BRDA:1,1,0,1
BRDA:8,2,0,1
BRDA:9,3,0,1
BRDA:21,4,0,1
BRDA:22,5,0,1
BRDA:23,6,0,0
BRDA:25,7,0,1
BRDA:28,8,0,0
BRDA:34,9,0,0
BRDA:37,10,0,0
BRDA:76,11,0,0
BRF:12
BRH:7
end_of_record
